<?xml version="1.0" encoding="UTF-8"?>
<!-- Generated by org.testng.reporters.JUnitReportReporter -->
<testsuite hostname="LAPTOP-PF1SH7SD" failures="0" tests="1" name="OrganizationModule.CreateOrganizationTest" time="0.006" errors="0" timestamp="2021-12-09T22:30:05 IST" skipped="0">
  <testcase classname="OrganizationModule.CreateOrganizationTest" name="createOrganizationTest" time="0.006"/>
  <system-out/>
</testsuite> <!-- OrganizationModule.CreateOrganizationTest -->
